2019-01-07 06:57:43 +0000  Initial pipeline context: <IDEDistributionProcessingPipelineContext: 0x7fa0c5f0d490; archive(resolved)='<IDEArchive: 0x7fa0a9682200>', distributionTask(resolved)='2', distributionMethod(resolved)='<IDEDistributionMethodAdHoc: 0x7fa0a6ef73d0>', team(resolved)='<IDEProvisioningBasicTeam 0x7fa0c5e7a150: teamID: LYLKQ6MZK2, teamName: TianYu Zhang>'>
	Chain (11, self inclusive):
	<IDEDistributionProcessingPipelineContext: 0x7fa0c5f0d490; archive = '<IDEArchive: 0x7fa0a9682200>', distributionMethod='<IDEDistributionMethodAdHoc: 0x7fa0a6ef73d0>', team='<IDEProvisioningBasicTeam 0x7fa0c5e7a150: teamID: LYLKQ6MZK2, teamName: TianYu Zhang>'>
	<IDEDistributionProcessingPipelineContext: 0x7fa0c590a9b0; archive = '<IDEArchive: 0x7fa0a9682200>', distributionMethod='<IDEDistributionMethodAdHoc: 0x7fa0a6ef73d0>', team='<IDEProvisioningBasicTeam 0x7fa0c5e7a150: teamID: LYLKQ6MZK2, teamName: TianYu Zhang>'>
	<IDEDistributionContext: 0x7fa0a95614d0; archive = '<IDEArchive: 0x7fa0a9682200>', distributionMethod='<IDEDistributionMethodAdHoc: 0x7fa0a6ef73d0>', team='<IDEProvisioningBasicTeam 0x7fa0c5e7a150: teamID: LYLKQ6MZK2, teamName: TianYu Zhang>'>
	<IDEDistributionContext: 0x7fa0ba432670; archive = '<IDEArchive: 0x7fa0a9682200>', distributionMethod='<IDEDistributionMethodAdHoc: 0x7fa0a6ef73d0>', team='<IDEProvisioningBasicTeam 0x7fa0c5e7a150: teamID: LYLKQ6MZK2, teamName: TianYu Zhang>'>
	<IDEDistributionContext: 0x7fa0a6ed35d0; archive = '<IDEArchive: 0x7fa0a9682200>', distributionMethod='<IDEDistributionMethodAdHoc: 0x7fa0a6ef73d0>', team='<IDEProvisioningBasicTeam 0x7fa0c5e7a150: teamID: LYLKQ6MZK2, teamName: TianYu Zhang>'>
	<IDEDistributionContext: 0x7fa0a7c3f490; archive = '<IDEArchive: 0x7fa0a9682200>', distributionMethod='<IDEDistributionMethodAdHoc: 0x7fa0a6ef73d0>', team='<IDEProvisioningBasicTeam 0x7fa0c5e7a150: teamID: LYLKQ6MZK2, teamName: TianYu Zhang>'>
	<IDEDistributionContext: 0x7fa0c5cb8d90; archive = '<IDEArchive: 0x7fa0a9682200>', distributionMethod='<IDEDistributionMethodAdHoc: 0x7fa0a6ef73d0>', team='<IDEProvisioningBasicTeam 0x7fa0c5e7a150: teamID: LYLKQ6MZK2, teamName: TianYu Zhang>'>
	<IDEDistributionContext: 0x7fa0c5c8d460; archive = '<IDEArchive: 0x7fa0a9682200>', distributionMethod='<IDEDistributionMethodAdHoc: 0x7fa0a6ef73d0>', team='<IDEProvisioningBasicTeam 0x7fa0c5e7a150: teamID: LYLKQ6MZK2, teamName: TianYu Zhang>'>
	<IDEDistributionContext: 0x7fa0c50ce860; archive = '<IDEArchive: 0x7fa0a9682200>', distributionMethod='<IDEDistributionMethodAdHoc: 0x7fa0a6ef73d0>', team='<IDEProvisioningBasicTeam 0x7fa0c5e7a150: teamID: LYLKQ6MZK2, teamName: TianYu Zhang>'>
	<IDEDistributionContext: 0x7fa0bff7e550; archive = '<IDEArchive: 0x7fa0a9682200>', distributionMethod='<IDEDistributionMethodAdHoc: 0x7fa0a6ef73d0>', team='(null)'>
	<IDEDistributionContext: 0x7fa0a9106c50; archive = '<IDEArchive: 0x7fa0a9682200>', distributionMethod='(null)', team='(null)'>
</IDEDistributionProcessingPipelineContext: 0x7fa0c5f0d490>
2019-01-07 06:57:43 +0000  Processing step: IDEDistributionCreateDestRootStep
2019-01-07 06:57:43 +0000  Processing step: IDEDistributionCopyItemStep
2019-01-07 06:57:43 +0000  Running /usr/bin/ditto '-V' '/Users/mac/Library/Developer/Xcode/Archives/2019-01-03/test3-mobile 2019-1-3, 21.17.xcarchive/Products/Applications/test3-mobile.app' '/var/folders/j1/8v56tk793xsgtzv08hy1l23r0000gn/T/XcodeDistPipeline.3fZ/Root/Payload/test3-mobile.app'
2019-01-07 06:57:43 +0000  >>> Copying /Users/mac/Library/Developer/Xcode/Archives/2019-01-03/test3-mobile 2019-1-3, 21.17.xcarchive/Products/Applications/test3-mobile.app 
2019-01-07 06:57:43 +0000  copying file ./_CodeSignature/CodeResources ... 
2019-01-07 06:57:43 +0000  16175 bytes for ./_CodeSignature/CodeResources
2019-01-07 06:57:43 +0000  copying file ./Icon-29.png ... 
2019-01-07 06:57:43 +0000  591833 bytes for ./Icon-29.png
2019-01-07 06:57:43 +0000  copying file ./res/msyhb.ttf ... 
2019-01-07 06:57:43 +0000  14685740 bytes for ./res/msyhb.ttf
2019-01-07 06:57:43 +0000  copying file ./res/update/update_tip.png ... 
20973 bytes for ./res/update/update_tip.png
copying file ./res/update/update_cancel_forbid.png ... 
16363 bytes for ./res/update/update_cancel_forbid.png
copying file ./res/update/update_cancel_press.png ... 
23119 bytes for ./res/update/update_cancel_press.png
copying file ./res/update/update_loadingbar_top.png ... 
1220 bytes for ./res/update/update_loadingbar_top.png
copying file ./res/update/update_bg.png ... 
646635 bytes for ./res/update/update_bg.png
copying file ./res/update/update_cancel.png ... 
24595 bytes for ./res/update/update_cancel.png
copying file ./res/update/update_confirm_forbid.png ... 
16051 bytes for ./res/update/update_confirm_forbid.png
copying file ./res/update/update_confirm_press.png ... 
22630 bytes for ./res/update/update_confirm_press.png
copying file ./res/update/update_confirm.png ... 
24038 bytes for ./res/update/update_confirm.png
copying file ./res/update/update_loadingbar.png ... 
96 bytes for ./res/update/update_loadingbar.png
copying file ./res/update/update_fail.png ... 
2019-01-07 06:57:43 +0000  13451 bytes for ./res/update/update_fail.png
2019-01-07 06:57:43 +0000  copying file ./res/newui/AGENCYB_0.TTF ... 
2019-01-07 06:57:43 +0000  60656 bytes for ./res/newui/AGENCYB_0.TTF
2019-01-07 06:57:43 +0000  copying file ./res/newui/ARIALBD.TTF ... 
2019-01-07 06:57:43 +0000  980756 bytes for ./res/newui/ARIALBD.TTF
2019-01-07 06:57:43 +0000  copying file ./res/newui/msyhb.ttf ... 
2019-01-07 06:57:43 +0000  14685740 bytes for ./res/newui/msyhb.ttf
copying file ./res/newui/niubi.TTF ... 
2019-01-07 06:57:43 +0000  1552332 bytes for ./res/newui/niubi.TTF
copying file ./res/newui/simhei.ttf ... 
2019-01-07 06:57:44 +0000  9753388 bytes for ./res/newui/simhei.ttf
copying file ./res/newui/msyh.ttc ... 
2019-01-07 06:57:44 +0000  23606748 bytes for ./res/newui/msyh.ttc
copying file ./res/newui/wryhBold.ttf ... 
2019-01-07 06:57:44 +0000  14685740 bytes for ./res/newui/wryhBold.ttf
copying file ./res/newui/niubiBB.TTF ... 
2019-01-07 06:57:44 +0000  1384984 bytes for ./res/newui/niubiBB.TTF
copying file ./res/newui/ARIAL.TTF ... 
1036584 bytes for ./res/newui/ARIAL.TTF
copying file ./res/newui/AGENCYR_0.TTF ... 
58920 bytes for ./res/newui/AGENCYR_0.TTF
copying file ./Icon-120.png ... 
591833 bytes for ./Icon-120.png
copying file ./Icon-144.png ... 
2019-01-07 06:57:44 +0000  591833 bytes for ./Icon-144.png
copying file ./Default@2x.png ... 
791310 bytes for ./Default@2x.png
copying file ./config.json ... 
1121 bytes for ./config.json
copying file ./Icon-76.png ... 
591833 bytes for ./Icon-76.png
copying file ./Icon-152.png ... 
591833 bytes for ./Icon-152.png
copying file ./Icon-58.png ... 
591833 bytes for ./Icon-58.png
copying file ./Icon-72.png ... 
591833 bytes for ./Icon-72.png
copying file ./Default-736h@3x.png ... 
791310 bytes for ./Default-736h@3x.png
copying file ./lua_edge_auto_api.lua ... 
18 bytes for ./lua_edge_auto_api.lua
copying file ./archived-expanded-entitlements.xcent ... 
368 bytes for ./archived-expanded-entitlements.xcent
copying file ./Icon-80.png ... 
591833 bytes for ./Icon-80.png
copying file ./Icon-57.png ... 
591833 bytes for ./Icon-57.png
copying file ./EdgeMaskLayer.lua ... 
601 bytes for ./EdgeMaskLayer.lua
copying file ./Default-568h@2x.png ... 
791310 bytes for ./Default-568h@2x.png
copying file ./Icon-40.png ... 
591833 bytes for ./Icon-40.png
copying file ./Icon-50.png ... 
591833 bytes for ./Icon-50.png
copying file ./test3-mobile ... 
2019-01-07 06:57:44 +0000  23398752 bytes for ./test3-mobile
copying file ./embedded.mobileprovision ... 
2019-01-07 06:57:44 +0000  9784 bytes for ./embedded.mobileprovision
copying file ./Default-667h@2x.png ... 
791310 bytes for ./Default-667h@2x.png
copying file ./Icon-100.png ... 
591833 bytes for ./Icon-100.png
copying file ./Icon-114.png ... 
591833 bytes for ./Icon-114.png
copying file ./Default.png ... 
791310 bytes for ./Default.png
copying file ./Info.plist ... 
1399 bytes for ./Info.plist
copying file ./PkgInfo ... 
8 bytes for ./PkgInfo
copying file ./src/update.lua ... 
10242 bytes for ./src/update.lua
copying file ./src/project.manifest ... 
244 bytes for ./src/project.manifest
copying file ./src/project_local.manifest ... 
2019-01-07 06:57:44 +0000  2019-01-07 06:57:44 +0000  /usr/bin/ditto exited with 0

2019-01-07 06:57:44 +0000  244 bytes for ./src/project_local.manifest
2019-01-07 06:57:44 +0000  Processing step: IDEDistributionEmbedProfileStep
2019-01-07 06:57:44 +0000  Processing step: IDEDistributionAppThinningPlistStep
2019-01-07 06:57:44 +0000  Skipping step: IDEDistributionAppThinningPlistStep because it said so
2019-01-07 06:57:44 +0000  Processing step: IDEDistributionCompileBitcodeStep
2019-01-07 06:57:44 +0000  Skipping step: IDEDistributionCompileBitcodeStep because it said so
2019-01-07 06:57:44 +0000  Processing step: IDEDistributionCodeSlimmingStep
2019-01-07 06:57:44 +0000  Processing step: IDEDistributionCopyBCSymbolMapsStep
2019-01-07 06:57:44 +0000  Skipping step: IDEDistributionCopyBCSymbolMapsStep because it said so
2019-01-07 06:57:44 +0000  Processing step: IDEDistributionSymbolsStep
2019-01-07 06:57:44 +0000  Skipping step: IDEDistributionSymbolsStep because it said so
2019-01-07 06:57:44 +0000  Processing step: IDEDistributionAppThinningStep
2019-01-07 06:57:44 +0000  Skipping step: IDEDistributionAppThinningStep because it said so
2019-01-07 06:57:44 +0000  Processing step: IDEDistributionODRStep
2019-01-07 06:57:44 +0000  Processing step: IDEDistributionStripXattrsStep
2019-01-07 06:57:44 +0000  Running /usr/bin/xattr '-crs' '/var/folders/j1/8v56tk793xsgtzv08hy1l23r0000gn/T/XcodeDistPipeline.3fZ/Root/Payload/test3-mobile.app'
2019-01-07 06:57:46 +0000  2019-01-07 06:57:46 +0000  
2019-01-07 06:57:46 +0000  /usr/bin/xattr exited with 0

2019-01-07 06:57:46 +0000  
2019-01-07 06:57:46 +0000  Processing step: IDEDistributionCodesignStep
2019-01-07 06:57:46 +0000  Applying entitlements delta for <IDEDistributionItem: 0x7fa0a956a320 'com.gugu.aember' '<DVTFilePath:0x7fa0a9676ec0:'/Users/mac/Library/Developer/Xcode/Archives/2019-01-03/test3-mobile 2019-1-3, 21.17.xcarchive/Products/Applications/test3-mobile.app'>'> from <IDEiCloudEntitlementsProcessor: 0x7fa0a7fa5700>: {
}
2019-01-07 06:57:46 +0000  Entitlements for <IDEDistributionItem: 0x7fa0a956a320 'com.gugu.aember' '<DVTFilePath:0x7fa0a9676ec0:'/Users/mac/Library/Developer/Xcode/Archives/2019-01-03/test3-mobile 2019-1-3, 21.17.xcarchive/Products/Applications/test3-mobile.app'>'>: {
    "application-identifier" = "LYLKQ6MZK2.com.gugu.aember";
    "com.apple.developer.team-identifier" = LYLKQ6MZK2;
    "get-task-allow" = 0;
    "keychain-access-groups" =     (
        "LYLKQ6MZK2.com.gugu.aember"
    );
}
2019-01-07 06:57:46 +0000  Writing entitlements for <IDEDistributionItem: 0x7fa0a956a320 'com.gugu.aember' '<DVTFilePath:0x7fa0a9676ec0:'/Users/mac/Library/Developer/Xcode/Archives/2019-01-03/test3-mobile 2019-1-3, 21.17.xcarchive/Products/Applications/test3-mobile.app'>'> to: /var/folders/j1/8v56tk793xsgtzv08hy1l23r0000gn/T/XcodeDistPipeline.3fZ/entitlementsZ3WasR
2019-01-07 06:57:46 +0000  Running /usr/bin/codesign '-vvv' '--force' '--sign' '235CAA2C30B35F58E930A9712D8D5D9FC189DD28' '--preserve-metadata=identifier,flags' '--entitlements' '/var/folders/j1/8v56tk793xsgtzv08hy1l23r0000gn/T/XcodeDistPipeline.3fZ/entitlementsZ3WasR' '/var/folders/j1/8v56tk793xsgtzv08hy1l23r0000gn/T/XcodeDistPipeline.3fZ/Root/Payload/test3-mobile.app'
2019-01-07 06:57:46 +0000  /var/folders/j1/8v56tk793xsgtzv08hy1l23r0000gn/T/XcodeDistPipeline.3fZ/Root/Payload/test3-mobile.app: replacing existing signature
2019-01-07 06:57:47 +0000  /var/folders/j1/8v56tk793xsgtzv08hy1l23r0000gn/T/XcodeDistPipeline.3fZ/Root/Payload/test3-mobile.app: signed app bundle with Mach-O universal (armv7 arm64) [com.gugu.aember]
2019-01-07 06:57:47 +0000  
2019-01-07 06:57:47 +0000  /usr/bin/codesign exited with 02019-01-07 06:57:47 +0000  
2019-01-07 06:57:47 +0000  

2019-01-07 06:57:47 +0000  Processing step: IDEDistributionStreamingZipItemStep
2019-01-07 06:57:47 +0000  Skipping step: IDEDistributionStreamingZipItemStep because it said so
2019-01-07 06:57:47 +0000  Processing step: IDEDistributionCreateIPAStep
2019-01-07 06:57:47 +0000  Running /usr/bin/ditto '-V' '-c' '-k' '--norsrc' '/var/folders/j1/8v56tk793xsgtzv08hy1l23r0000gn/T/XcodeDistPipeline.3fZ/Root' '/var/folders/j1/8v56tk793xsgtzv08hy1l23r0000gn/T/XcodeDistPipeline.3fZ/Packages/test3-mobile.ipa'
2019-01-07 06:57:47 +0000  >>> Copying /var/folders/j1/8v56tk793xsgtzv08hy1l23r0000gn/T/XcodeDistPipeline.3fZ/Root 
2019-01-07 06:57:47 +0000  copying file ./Payload/test3-mobile.app/_CodeSignature/CodeResources ... 
2019-01-07 06:57:47 +0000  16175 bytes for ./Payload/test3-mobile.app/_CodeSignature/CodeResources
2019-01-07 06:57:47 +0000  copying file ./Payload/test3-mobile.app/Icon-29.png ... 
2019-01-07 06:57:47 +0000  591833 bytes for ./Payload/test3-mobile.app/Icon-29.png
2019-01-07 06:57:47 +0000  copying file ./Payload/test3-mobile.app/res/msyhb.ttf ... 
2019-01-07 06:57:48 +0000  14685740 bytes for ./Payload/test3-mobile.app/res/msyhb.ttf
2019-01-07 06:57:48 +0000  copying file ./Payload/test3-mobile.app/res/update/update_tip.png ... 
2019-01-07 06:57:48 +0000  20973 bytes for ./Payload/test3-mobile.app/res/update/update_tip.png
2019-01-07 06:57:48 +0000  copying file ./Payload/test3-mobile.app/res/update/update_cancel_forbid.png ... 
2019-01-07 06:57:48 +0000  16363 bytes for ./Payload/test3-mobile.app/res/update/update_cancel_forbid.png
2019-01-07 06:57:48 +0000  copying file ./Payload/test3-mobile.app/res/update/update_cancel_press.png ... 
2019-01-07 06:57:48 +0000  23119 bytes for ./Payload/test3-mobile.app/res/update/update_cancel_press.png
2019-01-07 06:57:48 +0000  copying file ./Payload/test3-mobile.app/res/update/update_loadingbar_top.png ... 
2019-01-07 06:57:48 +0000  1220 bytes for ./Payload/test3-mobile.app/res/update/update_loadingbar_top.png
copying file ./Payload/test3-mobile.app/res/update/update_bg.png ... 
2019-01-07 06:57:48 +0000  646635 bytes for ./Payload/test3-mobile.app/res/update/update_bg.png
copying file ./Payload/test3-mobile.app/res/update/update_cancel.png ... 
2019-01-07 06:57:48 +0000  24595 bytes for ./Payload/test3-mobile.app/res/update/update_cancel.png
2019-01-07 06:57:48 +0000  copying file ./Payload/test3-mobile.app/res/update/update_confirm_forbid.png ... 
2019-01-07 06:57:48 +0000  16051 bytes for ./Payload/test3-mobile.app/res/update/update_confirm_forbid.png
copying file ./Payload/test3-mobile.app/res/update/update_confirm_press.png ... 
2019-01-07 06:57:48 +0000  22630 bytes for ./Payload/test3-mobile.app/res/update/update_confirm_press.png
2019-01-07 06:57:48 +0000  copying file ./Payload/test3-mobile.app/res/update/update_confirm.png ... 
2019-01-07 06:57:48 +0000  24038 bytes for ./Payload/test3-mobile.app/res/update/update_confirm.png
2019-01-07 06:57:48 +0000  copying file ./Payload/test3-mobile.app/res/update/update_loadingbar.png ... 
2019-01-07 06:57:48 +0000  96 bytes for ./Payload/test3-mobile.app/res/update/update_loadingbar.png
copying file ./Payload/test3-mobile.app/res/update/update_fail.png ... 
2019-01-07 06:57:48 +0000  13451 bytes for ./Payload/test3-mobile.app/res/update/update_fail.png
2019-01-07 06:57:48 +0000  copying file ./Payload/test3-mobile.app/res/newui/AGENCYB_0.TTF ... 
2019-01-07 06:57:48 +0000  60656 bytes for ./Payload/test3-mobile.app/res/newui/AGENCYB_0.TTF
copying file ./Payload/test3-mobile.app/res/newui/ARIALBD.TTF ... 
2019-01-07 06:57:48 +0000  980756 bytes for ./Payload/test3-mobile.app/res/newui/ARIALBD.TTF
copying file ./Payload/test3-mobile.app/res/newui/msyhb.ttf ... 
2019-01-07 06:57:49 +0000  14685740 bytes for ./Payload/test3-mobile.app/res/newui/msyhb.ttf
copying file ./Payload/test3-mobile.app/res/newui/niubi.TTF ... 
2019-01-07 06:57:49 +0000  1552332 bytes for ./Payload/test3-mobile.app/res/newui/niubi.TTF
2019-01-07 06:57:49 +0000  copying file ./Payload/test3-mobile.app/res/newui/simhei.ttf ... 
2019-01-07 06:57:49 +0000  9753388 bytes for ./Payload/test3-mobile.app/res/newui/simhei.ttf
2019-01-07 06:57:49 +0000  copying file ./Payload/test3-mobile.app/res/newui/msyh.ttc ... 
2019-01-07 06:57:51 +0000  23606748 bytes for ./Payload/test3-mobile.app/res/newui/msyh.ttc
2019-01-07 06:57:51 +0000  copying file ./Payload/test3-mobile.app/res/newui/wryhBold.ttf ... 
2019-01-07 06:57:52 +0000  14685740 bytes for ./Payload/test3-mobile.app/res/newui/wryhBold.ttf
copying file ./Payload/test3-mobile.app/res/newui/niubiBB.TTF ... 
2019-01-07 06:57:52 +0000  1384984 bytes for ./Payload/test3-mobile.app/res/newui/niubiBB.TTF
copying file ./Payload/test3-mobile.app/res/newui/ARIAL.TTF ... 
2019-01-07 06:57:52 +0000  1036584 bytes for ./Payload/test3-mobile.app/res/newui/ARIAL.TTF
copying file ./Payload/test3-mobile.app/res/newui/AGENCYR_0.TTF ... 
2019-01-07 06:57:52 +0000  58920 bytes for ./Payload/test3-mobile.app/res/newui/AGENCYR_0.TTF
2019-01-07 06:57:52 +0000  copying file ./Payload/test3-mobile.app/Icon-120.png ... 
2019-01-07 06:57:52 +0000  591833 bytes for ./Payload/test3-mobile.app/Icon-120.png
copying file ./Payload/test3-mobile.app/Icon-144.png ... 
2019-01-07 06:57:52 +0000  591833 bytes for ./Payload/test3-mobile.app/Icon-144.png
2019-01-07 06:57:52 +0000  copying file ./Payload/test3-mobile.app/Default@2x.png ... 
2019-01-07 06:57:52 +0000  791310 bytes for ./Payload/test3-mobile.app/Default@2x.png
2019-01-07 06:57:52 +0000  copying file ./Payload/test3-mobile.app/config.json ... 
1121 bytes for ./Payload/test3-mobile.app/config.json
copying file ./Payload/test3-mobile.app/Icon-76.png ... 
2019-01-07 06:57:52 +0000  591833 bytes for ./Payload/test3-mobile.app/Icon-76.png
copying file ./Payload/test3-mobile.app/Icon-152.png ... 
2019-01-07 06:57:52 +0000  591833 bytes for ./Payload/test3-mobile.app/Icon-152.png
2019-01-07 06:57:52 +0000  copying file ./Payload/test3-mobile.app/Icon-58.png ... 
2019-01-07 06:57:52 +0000  591833 bytes for ./Payload/test3-mobile.app/Icon-58.png
copying file ./Payload/test3-mobile.app/Icon-72.png ... 
2019-01-07 06:57:52 +0000  591833 bytes for ./Payload/test3-mobile.app/Icon-72.png
copying file ./Payload/test3-mobile.app/Default-736h@3x.png ... 
2019-01-07 06:57:52 +0000  791310 bytes for ./Payload/test3-mobile.app/Default-736h@3x.png
copying file ./Payload/test3-mobile.app/lua_edge_auto_api.lua ... 
2019-01-07 06:57:52 +0000  18 bytes for ./Payload/test3-mobile.app/lua_edge_auto_api.lua
copying file ./Payload/test3-mobile.app/archived-expanded-entitlements.xcent ... 
2019-01-07 06:57:52 +0000  368 bytes for ./Payload/test3-mobile.app/archived-expanded-entitlements.xcent
copying file ./Payload/test3-mobile.app/Icon-80.png ... 
2019-01-07 06:57:52 +0000  591833 bytes for ./Payload/test3-mobile.app/Icon-80.png
copying file ./Payload/test3-mobile.app/Icon-57.png ... 
2019-01-07 06:57:52 +0000  591833 bytes for ./Payload/test3-mobile.app/Icon-57.png
copying file ./Payload/test3-mobile.app/EdgeMaskLayer.lua ... 
2019-01-07 06:57:52 +0000  601 bytes for ./Payload/test3-mobile.app/EdgeMaskLayer.lua
copying file ./Payload/test3-mobile.app/Default-568h@2x.png ... 
2019-01-07 06:57:52 +0000  791310 bytes for ./Payload/test3-mobile.app/Default-568h@2x.png
copying file ./Payload/test3-mobile.app/Icon-40.png ... 
2019-01-07 06:57:52 +0000  591833 bytes for ./Payload/test3-mobile.app/Icon-40.png
copying file ./Payload/test3-mobile.app/Icon-50.png ... 
2019-01-07 06:57:52 +0000  591833 bytes for ./Payload/test3-mobile.app/Icon-50.png
copying file ./Payload/test3-mobile.app/test3-mobile ... 
2019-01-07 06:57:53 +0000  23398752 bytes for ./Payload/test3-mobile.app/test3-mobile
copying file ./Payload/test3-mobile.app/embedded.mobileprovision ... 
2019-01-07 06:57:53 +0000  9800 bytes for ./Payload/test3-mobile.app/embedded.mobileprovision
copying file ./Payload/test3-mobile.app/Default-667h@2x.png ... 
2019-01-07 06:57:53 +0000  791310 bytes for ./Payload/test3-mobile.app/Default-667h@2x.png
copying file ./Payload/test3-mobile.app/Icon-100.png ... 
2019-01-07 06:57:53 +0000  591833 bytes for ./Payload/test3-mobile.app/Icon-100.png
2019-01-07 06:57:53 +0000  copying file ./Payload/test3-mobile.app/Icon-114.png ... 
2019-01-07 06:57:53 +0000  591833 bytes for ./Payload/test3-mobile.app/Icon-114.png
copying file ./Payload/test3-mobile.app/Default.png ... 
2019-01-07 06:57:53 +0000  791310 bytes for ./Payload/test3-mobile.app/Default.png
2019-01-07 06:57:53 +0000  copying file ./Payload/test3-mobile.app/Info.plist ... 
1399 bytes for ./Payload/test3-mobile.app/Info.plist
copying file ./Payload/test3-mobile.app/PkgInfo ... 
2019-01-07 06:57:53 +0000  8 bytes for ./Payload/test3-mobile.app/PkgInfo
2019-01-07 06:57:53 +0000  copying file ./Payload/test3-mobile.app/src/update.lua ... 
2019-01-07 06:57:53 +0000  10242 bytes for ./Payload/test3-mobile.app/src/update.lua
copying file ./Payload/test3-mobile.app/src/project.manifest ... 
2019-01-07 06:57:53 +0000  244 bytes for ./Payload/test3-mobile.app/src/project.manifest
2019-01-07 06:57:53 +0000  copying file ./Payload/test3-mobile.app/src/project_local.manifest ... 
2019-01-07 06:57:53 +0000  244 bytes for ./Payload/test3-mobile.app/src/project_local.manifest
2019-01-07 06:57:53 +0000  
2019-01-07 06:57:53 +0000  2019-01-07 06:57:53 +0000  /usr/bin/ditto exited with 0

2019-01-07 06:57:53 +0000  
2019-01-07 06:57:53 +0000  Processing step: IDEDistributionCreateManifestStep
